#
# There is insufficient memory for the Java Runtime Environment to continue.
# Native memory allocation (mmap) failed to map 167772160 bytes for Failed to commit area from 0x00000000ce400000 to 0x00000000d8400000 of length 167772160.
# Possible reasons:
#   The system is out of physical RAM or swap space
#   The process is running with CompressedOops enabled, and the Java Heap may be blocking the growth of the native heap
# Possible solutions:
#   Reduce memory load on the system
#   Increase physical memory or swap space
#   Check if swap backing store is full
#   Decrease Java heap size (-Xmx/-Xms)
#   Decrease number of Java threads
#   Decrease Java thread stack sizes (-Xss)
#   Set larger code cache with -XX:ReservedCodeCacheSize=
#   JVM is running with Unscaled Compressed Oops mode in which the Java heap is
#     placed in the first 4GB address space. The Java Heap base address is the
#     maximum limit for the native heap growth. Please use -XX:HeapBaseMinAddress
#     to set the Java Heap base and to place the Java Heap above 4GB virtual address.
# This output file may be truncated or incomplete.
#
#  Out of Memory Error (t:/workspace/open/src/hotspot/os/windows/os_windows.cpp:3269), pid=17768, tid=17896
#
# JRE version: Java(TM) SE Runtime Environment (11.0.2+9) (build 11.0.2+9-LTS)
# Java VM: Java HotSpot(TM) 64-Bit Server VM (11.0.2+9-LTS, mixed mode, tiered, compressed oops, g1 gc, windows-amd64)
# No core dump will be written. Minidumps are not enabled by default on client versions of Windows
#

---------------  S U M M A R Y ------------

Command Line: --add-opens=java.base/java.util=ALL-UNNAMED --add-opens=java.base/java.lang=ALL-UNNAMED --add-opens=java.base/java.lang.invoke=ALL-UNNAMED --add-opens=java.prefs/java.util.prefs=ALL-UNNAMED -Dfile.encoding=windows-1252 -Duser.country=US -Duser.language=en -Duser.variant org.gradle.launcher.daemon.bootstrap.GradleDaemon 5.2.1

Host: Intel(R) Core(TM) i5-2400 CPU @ 3.10GHz, 4 cores, 3G,  Windows 10 , 64 bit Build 17763 (10.0.17763.437)
Time: Fri Apr 26 18:09:25 2019 FLE Daylight Time elapsed time: 317 seconds (0d 0h 5m 17s)

---------------  T H R E A D  ---------------

Current thread (0x00000251fec5f800):  VMThread "VM Thread" [stack: 0x000000bbca000000,0x000000bbca100000] [id=17896]

Stack: [0x000000bbca000000,0x000000bbca100000]
[error occurred during error reporting (printing stack bounds), id 0xc0000005, EXCEPTION_ACCESS_VIOLATION (0xc0000005) at pc=0x0000025188250bad]

Native frames: (J=compiled Java code, j=interpreted, Vv=VM code, C=native code)
V  [jvm.dll+0x63574a]
V  [jvm.dll+0x77326f]
V  [jvm.dll+0x77491a]
V  [jvm.dll+0x774f35]
V  [jvm.dll+0x774eeb]
V  [jvm.dll+0x634e56]
V  [jvm.dll+0x635218]
C  [ntdll.dll+0xa46af]
C  [ntdll.dll+0x4bef]
C  [ntdll.dll+0xa341e]
C  0x0000025188250bad

VM_Operation (0x000000bbcaff7900): G1CollectForAllocation, mode: safepoint, requested by thread 0x000002519a6d4000


---------------  P R O C E S S  ---------------

Threads class SMR info:
_java_thread_list=0x000002519cc54600, length=34, elements={
0x00000251fa03e000, 0x00000251fec85000, 0x00000251fec8e000, 0x00000251fece7000,
0x00000251fece9000, 0x00000251fecea000, 0x00000251feced800, 0x00000251fecf2000,
0x00000251ff753000, 0x00000251ff788800, 0x000002519a344800, 0x0000025199853800,
0x0000025199f47800, 0x000002519a6ce800, 0x000002519a6d0000, 0x000002519a6d0800,
0x000002519a6cf000, 0x000002519a6d1800, 0x000002519a6d4000, 0x000002519a85a800,
0x000002519a852000, 0x000002519a851800, 0x000002519a854800, 0x000002519a858000,
0x000002519a853800, 0x000002519a857000, 0x000002519a856000, 0x000002519a855800,
0x000002519a858800, 0x000002519a853000, 0x000002519a85d800, 0x000002519a859800,
0x000002519a85c000, 0x000002519a02f800
}

Java Threads: ( => current thread )
  0x00000251fa03e000 JavaThread "main" [_thread_blocked, id=12872, stack(0x000000bbc9a00000,0x000000bbc9b00000)]
  0x00000251fec85000 JavaThread "Reference Handler" daemon [_thread_blocked, id=9996, stack(0x000000bbca100000,0x000000bbca200000)]
  0x00000251fec8e000 JavaThread "Finalizer" daemon [_thread_blocked, id=21004, stack(0x000000bbca200000,0x000000bbca300000)]
  0x00000251fece7000 JavaThread "Signal Dispatcher" daemon [_thread_blocked, id=18992, stack(0x000000bbca300000,0x000000bbca400000)]
  0x00000251fece9000 JavaThread "Attach Listener" daemon [_thread_blocked, id=7600, stack(0x000000bbca400000,0x000000bbca500000)]
  0x00000251fecea000 JavaThread "C2 CompilerThread0" daemon [_thread_blocked, id=13772, stack(0x000000bbca500000,0x000000bbca600000)]
  0x00000251feced800 JavaThread "C1 CompilerThread0" daemon [_thread_blocked, id=21476, stack(0x000000bbca600000,0x000000bbca700000)]
  0x00000251fecf2000 JavaThread "Sweeper thread" daemon [_thread_blocked, id=10956, stack(0x000000bbca700000,0x000000bbca800000)]
  0x00000251ff753000 JavaThread "Common-Cleaner" daemon [_thread_blocked, id=20168, stack(0x000000bbca800000,0x000000bbca900000)]
  0x00000251ff788800 JavaThread "Service Thread" daemon [_thread_blocked, id=17636, stack(0x000000bbca900000,0x000000bbcaa00000)]
  0x000002519a344800 JavaThread "Daemon health stats" [_thread_blocked, id=16108, stack(0x000000bbcad00000,0x000000bbcae00000)]
  0x0000025199853800 JavaThread "Incoming local TCP Connector on port 59423" [_thread_in_native, id=10112, stack(0x000000bbcac00000,0x000000bbcad00000)]
  0x0000025199f47800 JavaThread "Daemon periodic checks" [_thread_blocked, id=12184, stack(0x000000bbcae00000,0x000000bbcaf00000)]
  0x000002519a6ce800 JavaThread "Cache worker for file hash cache (C:\Users\Dini Home\.gradle\caches\5.2.1\fileHashes)" [_thread_blocked, id=19564, stack(0x000000bbcb800000,0x000000bbcb900000)]
  0x000002519a6d0000 JavaThread "File lock request listener" [_thread_in_native, id=6124, stack(0x000000bbcb900000,0x000000bbcba00000)]
  0x000002519a6d0800 JavaThread "Cache worker for journal cache (C:\Users\Dini Home\.gradle\caches\journal-1)" [_thread_blocked, id=15696, stack(0x000000bbcba00000,0x000000bbcbb00000)]
  0x000002519a6cf000 JavaThread "Cache worker for execution history cache (C:\Users\Dini Home\.gradle\caches\5.2.1\executionHistory)" [_thread_blocked, id=1412, stack(0x000000bbcbf00000,0x000000bbcc000000)]
  0x000002519a6d1800 JavaThread "Daemon Thread 2" [_thread_blocked, id=17020, stack(0x000000bbc9700000,0x000000bbc9800000)]
  0x000002519a6d4000 JavaThread "Daemon worker Thread 2" [_thread_blocked, id=13276, stack(0x000000bbcaf00000,0x000000bbcb000000)]
  0x000002519a85a800 JavaThread "File lock release action executor" [_thread_blocked, id=14752, stack(0x000000bbcc100000,0x000000bbcc200000)]
  0x000002519a852000 JavaThread "Handler for socket connection from /127.0.0.1:59423 to /127.0.0.1:59695" [_thread_in_native, id=9620, stack(0x000000bbc9800000,0x000000bbc9900000)]
  0x000002519a851800 JavaThread "Cancel handler" [_thread_blocked, id=21460, stack(0x000000bbc9900000,0x000000bbc9a00000)]
  0x000002519a854800 JavaThread "Asynchronous log dispatcher for DefaultDaemonConnection: socket connection from /127.0.0.1:59423 to /127.0.0.1:59695" [_thread_blocked, id=18644, stack(0x000000bbcb000000,0x000000bbcb100000)]
  0x000002519a858000 JavaThread "Stdin handler" [_thread_blocked, id=15464, stack(0x000000bbcb100000,0x000000bbcb200000)]
  0x000002519a853800 JavaThread "Thread-51" [_thread_blocked, id=11512, stack(0x000000bbcb200000,0x000000bbcb300000)]
  0x000002519a857000 JavaThread "Cache worker for file hash cache (D:\Nortal Java test task 2\pizzastore\pizzastore-api\.gradle\5.2.1\fileHashes)" [_thread_blocked, id=16432, stack(0x000000bbcb300000,0x000000bbcb400000)]
  0x000002519a856000 JavaThread "Cache worker for cache directory md-supplier (C:\Users\Dini Home\.gradle\caches\5.2.1\md-supplier)" [_thread_blocked, id=3736, stack(0x000000bbcb500000,0x000000bbcb600000)]
  0x000002519a855800 JavaThread "Cache worker for cache directory md-rule (C:\Users\Dini Home\.gradle\caches\5.2.1\md-rule)" [_thread_blocked, id=16644, stack(0x000000bbcbb00000,0x000000bbcbc00000)]
  0x000002519a858800 JavaThread "Build operations" [_thread_blocked, id=21436, stack(0x000000bbcbc00000,0x000000bbcbd00000)]
  0x000002519a853000 JavaThread "Build operations Thread 2" [_thread_blocked, id=2752, stack(0x000000bbcbd00000,0x000000bbcbe00000)]
  0x000002519a85d800 JavaThread "Build operations Thread 3" [_thread_blocked, id=17372, stack(0x000000bbcbe00000,0x000000bbcbf00000)]
  0x000002519a859800 JavaThread "Build operations Thread 4" [_thread_blocked, id=3004, stack(0x000000bbcc000000,0x000000bbcc100000)]
  0x000002519a85c000 JavaThread "Cache worker for Build Output Cleanup Cache (D:\Nortal Java test task 2\pizzastore\pizzastore-api\.gradle\buildOutputCleanup)" [_thread_blocked, id=21120, stack(0x000000bbcc200000,0x000000bbcc300000)]
  0x000002519a02f800 JavaThread "C2 CompilerThread1" daemon [_thread_blocked, id=12676, stack(0x000000bbcb400000,0x000000bbcb500000)]

Other Threads:
=>0x00000251fec5f800 VMThread "VM Thread" [stack: 0x000000bbca000000,0x000000bbca100000] [id=17896]
  0x00000251ff78b000 WatcherThread [stack: 0x000000bbcaa00000,0x000000bbcab00000] [id=20248]
  0x00000251fc163000 GCTaskThread "GC Thread#0" [stack: 0x000000bbc9b00000,0x000000bbc9c00000] [id=16776]
  0x0000025199611800 GCTaskThread "GC Thread#1" [stack: 0x000000bbcab00000,0x000000bbcac00000] [id=10724]
  0x000002519a2c5000 GCTaskThread "GC Thread#2" [stack: 0x000000bbcb600000,0x000000bbcb700000] [id=7756]
  0x000002519a672000 GCTaskThread "GC Thread#3" [stack: 0x000000bbcb700000,0x000000bbcb800000] [id=12144]
  0x00000251fc17e000 ConcurrentGCThread "G1 Main Marker" [stack: 0x000000bbc9c00000,0x000000bbc9d00000] [id=20604]
  0x00000251fc17f800 ConcurrentGCThread "G1 Conc#0" [stack: 0x000000bbc9d00000,0x000000bbc9e00000] [id=20256]
  0x00000251fc1d9000 ConcurrentGCThread "G1 Refine#0" [stack: 0x000000bbc9e00000,0x000000bbc9f00000] [id=9584]
  0x00000251fc1da000 ConcurrentGCThread "G1 Young RemSet Sampling" [stack: 0x000000bbc9f00000,0x000000bbca000000] [id=20324]

Threads with active compile tasks:
C2 CompilerThread014466   !   4       org.jetbrains.kotlin.metadata.ProtoBuf$Annotation$Argument$Value::<init> (719 bytes)

VM state:at safepoint (normal execution)

VM Mutex/Monitor currently owned by a thread:  ([mutex/lock_event])
[0x00000251fc149690] Threads_lock - owner thread: 0x00000251fec5f800
[0x00000251fc1486d0] Heap_lock - owner thread: 0x000002519a6d4000

Heap address: 0x00000000c0a00000, size: 1014 MB, Compressed Oops mode: 32-bit
Narrow klass base: 0x0000000000000000, Narrow klass shift: 3
Compressed class space size: 1073741824 Address: 0x0000000100000000

Heap:
 garbage-first heap   total 387072K, used 198390K [0x00000000c0a00000, 0x0000000100000000)
  region size 1024K, 2 young (2048K), 2 survivors (2048K)
 Metaspace       used 96322K, capacity 98546K, committed 98688K, reserved 1134592K
  class space    used 12047K, capacity 12910K, committed 12928K, reserved 1048576K
Heap Regions: E=young(eden), S=young(survivor), O=old, HS=humongous(starts), HC=humongous(continues), CS=collection set, F=free, A=archive, TAMS=top-at-mark-start (previous, next)
|   0|0x00000000c0a00000, 0x00000000c0b00000, 0x00000000c0b00000|100%|HS|  |TAMS 0x00000000c0b00000, 0x00000000c0b00000| Complete 
|   1|0x00000000c0b00000, 0x00000000c0c00000, 0x00000000c0c00000|100%|HS|  |TAMS 0x00000000c0c00000, 0x00000000c0c00000| Complete 
|   2|0x00000000c0c00000, 0x00000000c0d00000, 0x00000000c0d00000|100%|HC|  |TAMS 0x00000000c0d00000, 0x00000000c0d00000| Complete 
|   3|0x00000000c0d00000, 0x00000000c0e00000, 0x00000000c0e00000|100%| O|  |TAMS 0x00000000c0e00000, 0x00000000c0e00000| Untracked 
|   4|0x00000000c0e00000, 0x00000000c0f00000, 0x00000000c0f00000|100%| O|  |TAMS 0x00000000c0f00000, 0x00000000c0f00000| Untracked 
|   5|0x00000000c0f00000, 0x00000000c1000000, 0x00000000c1000000|100%| O|  |TAMS 0x00000000c1000000, 0x00000000c1000000| Untracked 
|   6|0x00000000c1000000, 0x00000000c1100000, 0x00000000c1100000|100%| O|  |TAMS 0x00000000c1100000, 0x00000000c1100000| Untracked 
|   7|0x00000000c1100000, 0x00000000c1200000, 0x00000000c1200000|100%| O|  |TAMS 0x00000000c1200000, 0x00000000c1200000| Untracked 
|   8|0x00000000c1200000, 0x00000000c1300000, 0x00000000c1300000|100%| O|  |TAMS 0x00000000c1300000, 0x00000000c1300000| Untracked 
|   9|0x00000000c1300000, 0x00000000c1400000, 0x00000000c1400000|100%| O|  |TAMS 0x00000000c1400000, 0x00000000c1400000| Untracked 
|  10|0x00000000c1400000, 0x00000000c1500000, 0x00000000c1500000|100%| O|  |TAMS 0x00000000c1500000, 0x00000000c1500000| Untracked 
|  11|0x00000000c1500000, 0x00000000c1600000, 0x00000000c1600000|100%| O|  |TAMS 0x00000000c1600000, 0x00000000c1600000| Untracked 
|  12|0x00000000c1600000, 0x00000000c1700000, 0x00000000c1700000|100%| O|  |TAMS 0x00000000c1700000, 0x00000000c1700000| Untracked 
|  13|0x00000000c1700000, 0x00000000c1800000, 0x00000000c1800000|100%| O|  |TAMS 0x00000000c1800000, 0x00000000c1800000| Untracked 
|  14|0x00000000c1800000, 0x00000000c1900000, 0x00000000c1900000|100%| O|  |TAMS 0x00000000c1900000, 0x00000000c1900000| Untracked 
|  15|0x00000000c1900000, 0x00000000c1a00000, 0x00000000c1a00000|100%| O|  |TAMS 0x00000000c1a00000, 0x00000000c1a00000| Untracked 
|  16|0x00000000c1a00000, 0x00000000c1b00000, 0x00000000c1b00000|100%| O|  |TAMS 0x00000000c1b00000, 0x00000000c1b00000| Untracked 
|  17|0x00000000c1b00000, 0x00000000c1c00000, 0x00000000c1c00000|100%| O|  |TAMS 0x00000000c1c00000, 0x00000000c1c00000| Untracked 
|  18|0x00000000c1c00000, 0x00000000c1d00000, 0x00000000c1d00000|100%| O|  |TAMS 0x00000000c1d00000, 0x00000000c1d00000| Untracked 
|  19|0x00000000c1d00000, 0x00000000c1e00000, 0x00000000c1e00000|100%| O|  |TAMS 0x00000000c1e00000, 0x00000000c1e00000| Untracked 
|  20|0x00000000c1e00000, 0x00000000c1f00000, 0x00000000c1f00000|100%| O|  |TAMS 0x00000000c1f00000, 0x00000000c1f00000| Untracked 
|  21|0x00000000c1f00000, 0x00000000c2000000, 0x00000000c2000000|100%| O|  |TAMS 0x00000000c2000000, 0x00000000c2000000| Untracked 
|  22|0x00000000c2000000, 0x00000000c2100000, 0x00000000c2100000|100%| O|  |TAMS 0x00000000c2100000, 0x00000000c2100000| Untracked 
|  23|0x00000000c2100000, 0x00000000c2200000, 0x00000000c2200000|100%| O|  |TAMS 0x00000000c2200000, 0x00000000c2200000| Untracked 
|  24|0x00000000c2200000, 0x00000000c2300000, 0x00000000c2300000|100%| O|  |TAMS 0x00000000c2300000, 0x00000000c2300000| Untracked 
|  25|0x00000000c2300000, 0x00000000c2400000, 0x00000000c2400000|100%| O|  |TAMS 0x00000000c2400000, 0x00000000c2400000| Untracked 
|  26|0x00000000c2400000, 0x00000000c2500000, 0x00000000c2500000|100%| O|  |TAMS 0x00000000c2500000, 0x00000000c2500000| Untracked 
|  27|0x00000000c2500000, 0x00000000c2600000, 0x00000000c2600000|100%| O|  |TAMS 0x00000000c2600000, 0x00000000c2600000| Untracked 
|  28|0x00000000c2600000, 0x00000000c2700000, 0x00000000c2700000|100%| O|  |TAMS 0x00000000c2700000, 0x00000000c2700000| Untracked 
|  29|0x00000000c2700000, 0x00000000c2800000, 0x00000000c2800000|100%| O|  |TAMS 0x00000000c2800000, 0x00000000c2800000| Untracked 
|  30|0x00000000c2800000, 0x00000000c2900000, 0x00000000c2900000|100%| O|  |TAMS 0x00000000c2900000, 0x00000000c2900000| Untracked 
|  31|0x00000000c2900000, 0x00000000c2a00000, 0x00000000c2a00000|100%| O|  |TAMS 0x00000000c2a00000, 0x00000000c2a00000| Untracked 
|  32|0x00000000c2a00000, 0x00000000c2b00000, 0x00000000c2b00000|100%| O|  |TAMS 0x00000000c2b00000, 0x00000000c2b00000| Untracked 
|  33|0x00000000c2b00000, 0x00000000c2c00000, 0x00000000c2c00000|100%| O|  |TAMS 0x00000000c2c00000, 0x00000000c2c00000| Untracked 
|  34|0x00000000c2c00000, 0x00000000c2d00000, 0x00000000c2d00000|100%| O|  |TAMS 0x00000000c2d00000, 0x00000000c2d00000| Untracked 
|  35|0x00000000c2d00000, 0x00000000c2e00000, 0x00000000c2e00000|100%| O|  |TAMS 0x00000000c2e00000, 0x00000000c2e00000| Untracked 
|  36|0x00000000c2e00000, 0x00000000c2f00000, 0x00000000c2f00000|100%| O|  |TAMS 0x00000000c2f00000, 0x00000000c2f00000| Untracked 
|  37|0x00000000c2f00000, 0x00000000c3000000, 0x00000000c3000000|100%| O|  |TAMS 0x00000000c3000000, 0x00000000c3000000| Untracked 
|  38|0x00000000c3000000, 0x00000000c3100000, 0x00000000c3100000|100%| O|  |TAMS 0x00000000c3100000, 0x00000000c3100000| Untracked 
|  39|0x00000000c3100000, 0x00000000c3200000, 0x00000000c3200000|100%| O|  |TAMS 0x00000000c3200000, 0x00000000c3200000| Untracked 
|  40|0x00000000c3200000, 0x00000000c3300000, 0x00000000c3300000|100%| O|  |TAMS 0x00000000c3300000, 0x00000000c3300000| Untracked 
|  41|0x00000000c3300000, 0x00000000c3400000, 0x00000000c3400000|100%| O|  |TAMS 0x00000000c3400000, 0x00000000c3400000| Untracked 
|  42|0x00000000c3400000, 0x00000000c3500000, 0x00000000c3500000|100%| O|  |TAMS 0x00000000c3500000, 0x00000000c3500000| Untracked 
|  43|0x00000000c3500000, 0x00000000c3600000, 0x00000000c3600000|100%| O|  |TAMS 0x00000000c3600000, 0x00000000c3600000| Untracked 
|  44|0x00000000c3600000, 0x00000000c3700000, 0x00000000c3700000|100%| O|  |TAMS 0x00000000c3700000, 0x00000000c3700000| Untracked 
|  45|0x00000000c3700000, 0x00000000c3800000, 0x00000000c3800000|100%| O|  |TAMS 0x00000000c3800000, 0x00000000c3800000| Untracked 
|  46|0x00000000c3800000, 0x00000000c3900000, 0x00000000c3900000|100%| O|  |TAMS 0x00000000c3900000, 0x00000000c3900000| Untracked 
|  47|0x00000000c3900000, 0x00000000c3a00000, 0x00000000c3a00000|100%| O|  |TAMS 0x00000000c3a00000, 0x00000000c3a00000| Untracked 
|  48|0x00000000c3a00000, 0x00000000c3b00000, 0x00000000c3b00000|100%| O|  |TAMS 0x00000000c3b00000, 0x00000000c3b00000| Untracked 
|  49|0x00000000c3b00000, 0x00000000c3c00000, 0x00000000c3c00000|100%| O|  |TAMS 0x00000000c3c00000, 0x00000000c3c00000| Untracked 
|  50|0x00000000c3c00000, 0x00000000c3d00000, 0x00000000c3d00000|100%| O|  |TAMS 0x00000000c3d00000, 0x00000000c3d00000| Untracked 
|  51|0x00000000c3d00000, 0x00000000c3e00000, 0x00000000c3e00000|100%| O|  |TAMS 0x00000000c3e00000, 0x00000000c3e00000| Untracked 
|  52|0x00000000c3e00000, 0x00000000c3f00000, 0x00000000c3f00000|100%| O|  |TAMS 0x00000000c3e00000, 0x00000000c3f00000| Untracked 
|  53|0x00000000c3f00000, 0x00000000c4000000, 0x00000000c4000000|100%| O|  |TAMS 0x00000000c3f00000, 0x00000000c4000000| Untracked 
|  54|0x00000000c4000000, 0x00000000c4100000, 0x00000000c4100000|100%| O|  |TAMS 0x00000000c4000000, 0x00000000c4100000| Untracked 
|  55|0x00000000c4100000, 0x00000000c4200000, 0x00000000c4200000|100%| O|  |TAMS 0x00000000c4100000, 0x00000000c4200000| Untracked 
|  56|0x00000000c4200000, 0x00000000c4300000, 0x00000000c4300000|100%| O|  |TAMS 0x00000000c4200000, 0x00000000c4300000| Untracked 
|  57|0x00000000c4300000, 0x00000000c4400000, 0x00000000c4400000|100%| O|  |TAMS 0x00000000c4400000, 0x00000000c4400000| Untracked 
|  58|0x00000000c4400000, 0x00000000c4500000, 0x00000000c4500000|100%| O|  |TAMS 0x00000000c4500000, 0x00000000c4500000| Untracked 
|  59|0x00000000c4500000, 0x00000000c4600000, 0x00000000c4600000|100%| O|  |TAMS 0x00000000c4600000, 0x00000000c4600000| Untracked 
|  60|0x00000000c4600000, 0x00000000c4700000, 0x00000000c4700000|100%| O|  |TAMS 0x00000000c4700000, 0x00000000c4700000| Untracked 
|  61|0x00000000c4700000, 0x00000000c4800000, 0x00000000c4800000|100%| O|  |TAMS 0x00000000c4800000, 0x00000000c4800000| Untracked 
|  62|0x00000000c4800000, 0x00000000c4900000, 0x00000000c4900000|100%| O|  |TAMS 0x00000000c484e600, 0x00000000c4900000| Untracked 
|  63|0x00000000c4900000, 0x00000000c4a00000, 0x00000000c4a00000|100%| O|  |TAMS 0x00000000c4900000, 0x00000000c4a00000| Untracked 
|  64|0x00000000c4a00000, 0x00000000c4b00000, 0x00000000c4b00000|100%| O|  |TAMS 0x00000000c4a00000, 0x00000000c4b00000| Untracked 
|  65|0x00000000c4b00000, 0x00000000c4c00000, 0x00000000c4c00000|100%| O|  |TAMS 0x00000000c4b00000, 0x00000000c4c00000| Untracked 
|  66|0x00000000c4c00000, 0x00000000c4d00000, 0x00000000c4d00000|100%| O|  |TAMS 0x00000000c4c00000, 0x00000000c4d00000| Untracked 
|  67|0x00000000c4d00000, 0x00000000c4e00000, 0x00000000c4e00000|100%| O|  |TAMS 0x00000000c4e00000, 0x00000000c4e00000| Untracked 
|  68|0x00000000c4e00000, 0x00000000c4f00000, 0x00000000c4f00000|100%| O|  |TAMS 0x00000000c4f00000, 0x00000000c4f00000| Untracked 
|  69|0x00000000c4f00000, 0x00000000c5000000, 0x00000000c5000000|100%| O|  |TAMS 0x00000000c5000000, 0x00000000c5000000| Untracked 
|  70|0x00000000c5000000, 0x00000000c5100000, 0x00000000c5100000|100%| O|  |TAMS 0x00000000c5100000, 0x00000000c5100000| Untracked 
|  71|0x00000000c5100000, 0x00000000c5200000, 0x00000000c5200000|100%| O|  |TAMS 0x00000000c5100000, 0x00000000c5200000| Untracked 
|  72|0x00000000c5200000, 0x00000000c5300000, 0x00000000c5300000|100%| O|  |TAMS 0x00000000c5200000, 0x00000000c5300000| Untracked 
|  73|0x00000000c5300000, 0x00000000c5400000, 0x00000000c5400000|100%| O|  |TAMS 0x00000000c5300000, 0x00000000c5400000| Untracked 
|  74|0x00000000c5400000, 0x00000000c5500000, 0x00000000c5500000|100%| O|  |TAMS 0x00000000c5400000, 0x00000000c5500000| Untracked 
|  75|0x00000000c5500000, 0x00000000c5600000, 0x00000000c5600000|100%| O|  |TAMS 0x00000000c5500000, 0x00000000c5600000| Untracked 
|  76|0x00000000c5600000, 0x00000000c5700000, 0x00000000c5700000|100%| O|  |TAMS 0x00000000c5600000, 0x00000000c5700000| Untracked 
|  77|0x00000000c5700000, 0x00000000c5800000, 0x00000000c5800000|100%| O|  |TAMS 0x00000000c5700000, 0x00000000c5800000| Untracked 
|  78|0x00000000c5800000, 0x00000000c5900000, 0x00000000c5900000|100%| O|  |TAMS 0x00000000c5800000, 0x00000000c5900000| Untracked 
|  79|0x00000000c5900000, 0x00000000c5a00000, 0x00000000c5a00000|100%| O|  |TAMS 0x00000000c5900000, 0x00000000c5a00000| Untracked 
|  80|0x00000000c5a00000, 0x00000000c5b00000, 0x00000000c5b00000|100%| O|  |TAMS 0x00000000c5a00000, 0x00000000c5b00000| Untracked 
|  81|0x00000000c5b00000, 0x00000000c5c00000, 0x00000000c5c00000|100%| O|  |TAMS 0x00000000c5b00000, 0x00000000c5c00000| Untracked 
|  82|0x00000000c5c00000, 0x00000000c5d00000, 0x00000000c5d00000|100%| O|  |TAMS 0x00000000c5c00000, 0x00000000c5d00000| Untracked 
|  83|0x00000000c5d00000, 0x00000000c5e00000, 0x00000000c5e00000|100%| O|  |TAMS 0x00000000c5d00000, 0x00000000c5e00000| Untracked 
|  84|0x00000000c5e00000, 0x00000000c5f00000, 0x00000000c5f00000|100%| O|  |TAMS 0x00000000c5e00000, 0x00000000c5f00000| Untracked 
|  85|0x00000000c5f00000, 0x00000000c6000000, 0x00000000c6000000|100%| O|  |TAMS 0x00000000c5f00000, 0x00000000c6000000| Untracked 
|  86|0x00000000c6000000, 0x00000000c6100000, 0x00000000c6100000|100%| O|  |TAMS 0x00000000c6000000, 0x00000000c6100000| Untracked 
|  87|0x00000000c6100000, 0x00000000c6200000, 0x00000000c6200000|100%| O|  |TAMS 0x00000000c6100000, 0x00000000c6200000| Untracked 
|  88|0x00000000c6200000, 0x00000000c6300000, 0x00000000c6300000|100%| O|  |TAMS 0x00000000c6200000, 0x00000000c6300000| Untracked 
|  89|0x00000000c6300000, 0x00000000c6400000, 0x00000000c6400000|100%| O|  |TAMS 0x00000000c6300000, 0x00000000c6400000| Untracked 
|  90|0x00000000c6400000, 0x00000000c6500000, 0x00000000c6500000|100%| O|  |TAMS 0x00000000c6400000, 0x00000000c6500000| Untracked 
|  91|0x00000000c6500000, 0x00000000c6600000, 0x00000000c6600000|100%| O|  |TAMS 0x00000000c6500000, 0x00000000c6600000| Untracked 
|  92|0x00000000c6600000, 0x00000000c6700000, 0x00000000c6700000|100%| O|  |TAMS 0x00000000c6600000, 0x00000000c6700000| Untracked 
|  93|0x00000000c6700000, 0x00000000c6800000, 0x00000000c6800000|100%| O|  |TAMS 0x00000000c6700000, 0x00000000c6800000| Untracked 
|  94|0x00000000c6800000, 0x00000000c6900000, 0x00000000c6900000|100%| O|  |TAMS 0x00000000c6800000, 0x00000000c6900000| Untracked 
|  95|0x00000000c6900000, 0x00000000c6a00000, 0x00000000c6a00000|100%| O|  |TAMS 0x00000000c6900000, 0x00000000c6a00000| Untracked 
|  96|0x00000000c6a00000, 0x00000000c6b00000, 0x00000000c6b00000|100%| O|  |TAMS 0x00000000c6a00000, 0x00000000c6b00000| Untracked 
|  97|0x00000000c6b00000, 0x00000000c6c00000, 0x00000000c6c00000|100%| O|  |TAMS 0x00000000c6b00000, 0x00000000c6c00000| Untracked 
|  98|0x00000000c6c00000, 0x00000000c6d00000, 0x00000000c6d00000|100%| O|  |TAMS 0x00000000c6c00000, 0x00000000c6d00000| Untracked 
|  99|0x00000000c6d00000, 0x00000000c6e00000, 0x00000000c6e00000|100%| O|  |TAMS 0x00000000c6d00000, 0x00000000c6e00000| Untracked 
| 100|0x00000000c6e00000, 0x00000000c6f00000, 0x00000000c6f00000|100%| O|  |TAMS 0x00000000c6e00000, 0x00000000c6f00000| Untracked 
| 101|0x00000000c6f00000, 0x00000000c7000000, 0x00000000c7000000|100%| O|  |TAMS 0x00000000c6f00000, 0x00000000c7000000| Untracked 
| 102|0x00000000c7000000, 0x00000000c7100000, 0x00000000c7100000|100%| O|  |TAMS 0x00000000c7000000, 0x00000000c7100000| Untracked 
| 103|0x00000000c7100000, 0x00000000c7200000, 0x00000000c7200000|100%| O|  |TAMS 0x00000000c7100000, 0x00000000c7200000| Untracked 
| 104|0x00000000c7200000, 0x00000000c7300000, 0x00000000c7300000|100%| O|  |TAMS 0x00000000c7200000, 0x00000000c7300000| Untracked 
| 105|0x00000000c7300000, 0x00000000c7400000, 0x00000000c7400000|100%| O|  |TAMS 0x00000000c7300000, 0x00000000c7400000| Untracked 
| 106|0x00000000c7400000, 0x00000000c7500000, 0x00000000c7500000|100%| O|  |TAMS 0x00000000c7400000, 0x00000000c7500000| Untracked 
| 107|0x00000000c7500000, 0x00000000c7600000, 0x00000000c7600000|100%| O|  |TAMS 0x00000000c7500000, 0x00000000c7600000| Untracked 
| 108|0x00000000c7600000, 0x00000000c7700000, 0x00000000c7700000|100%| O|  |TAMS 0x00000000c7600000, 0x00000000c7700000| Untracked 
| 109|0x00000000c7700000, 0x00000000c7800000, 0x00000000c7800000|100%| O|  |TAMS 0x00000000c7700000, 0x00000000c7800000| Untracked 
| 110|0x00000000c7800000, 0x00000000c7900000, 0x00000000c7900000|100%| O|  |TAMS 0x00000000c7800000, 0x00000000c7900000| Untracked 
| 111|0x00000000c7900000, 0x00000000c7a00000, 0x00000000c7a00000|100%| O|  |TAMS 0x00000000c7900000, 0x00000000c7a00000| Untracked 
| 112|0x00000000c7a00000, 0x00000000c7b00000, 0x00000000c7b00000|100%| O|  |TAMS 0x00000000c7a00000, 0x00000000c7b00000| Untracked 
| 113|0x00000000c7b00000, 0x00000000c7c00000, 0x00000000c7c00000|100%| O|  |TAMS 0x00000000c7b00000, 0x00000000c7c00000| Untracked 
| 114|0x00000000c7c00000, 0x00000000c7d00000, 0x00000000c7d00000|100%| O|  |TAMS 0x00000000c7c00000, 0x00000000c7d00000| Untracked 
| 115|0x00000000c7d00000, 0x00000000c7e00000, 0x00000000c7e00000|100%| O|  |TAMS 0x00000000c7d00000, 0x00000000c7e00000| Untracked 
| 116|0x00000000c7e00000, 0x00000000c7f00000, 0x00000000c7f00000|100%| O|  |TAMS 0x00000000c7e00000, 0x00000000c7f00000| Untracked 
| 117|0x00000000c7f00000, 0x00000000c8000000, 0x00000000c8000000|100%| O|  |TAMS 0x00000000c7f00000, 0x00000000c8000000| Untracked 
| 118|0x00000000c8000000, 0x00000000c8100000, 0x00000000c8100000|100%| O|  |TAMS 0x00000000c8000000, 0x00000000c8100000| Untracked 
| 119|0x00000000c8100000, 0x00000000c8200000, 0x00000000c8200000|100%| O|  |TAMS 0x00000000c8100000, 0x00000000c8200000| Untracked 
| 120|0x00000000c8200000, 0x00000000c8300000, 0x00000000c8300000|100%| O|  |TAMS 0x00000000c8200000, 0x00000000c8300000| Untracked 
| 121|0x00000000c8300000, 0x00000000c8400000, 0x00000000c8400000|100%| O|  |TAMS 0x00000000c8300000, 0x00000000c8400000| Untracked 
| 122|0x00000000c8400000, 0x00000000c8500000, 0x00000000c8500000|100%| O|  |TAMS 0x00000000c8400000, 0x00000000c8500000| Untracked 
| 123|0x00000000c8500000, 0x00000000c8600000, 0x00000000c8600000|100%| O|  |TAMS 0x00000000c8500000, 0x00000000c8600000| Untracked 
| 124|0x00000000c8600000, 0x00000000c8700000, 0x00000000c8700000|100%| O|  |TAMS 0x00000000c8600000, 0x00000000c8700000| Untracked 
| 125|0x00000000c8700000, 0x00000000c8800000, 0x00000000c8800000|100%| O|  |TAMS 0x00000000c8700000, 0x00000000c8800000| Untracked 
| 126|0x00000000c8800000, 0x00000000c8900000, 0x00000000c8900000|100%| O|  |TAMS 0x00000000c8800000, 0x00000000c8900000| Untracked 
| 127|0x00000000c8900000, 0x00000000c8a00000, 0x00000000c8a00000|100%| O|  |TAMS 0x00000000c8900000, 0x00000000c8a00000| Untracked 
| 128|0x00000000c8a00000, 0x00000000c8b00000, 0x00000000c8b00000|100%| O|  |TAMS 0x00000000c8a00000, 0x00000000c8b00000| Untracked 
| 129|0x00000000c8b00000, 0x00000000c8c00000, 0x00000000c8c00000|100%| O|  |TAMS 0x00000000c8b00000, 0x00000000c8c00000| Untracked 
| 130|0x00000000c8c00000, 0x00000000c8d00000, 0x00000000c8d00000|100%| O|  |TAMS 0x00000000c8c00000, 0x00000000c8d00000| Untracked 
| 131|0x00000000c8d00000, 0x00000000c8e00000, 0x00000000c8e00000|100%| O|  |TAMS 0x00000000c8d00000, 0x00000000c8e00000| Untracked 
| 132|0x00000000c8e00000, 0x00000000c8f00000, 0x00000000c8f00000|100%| O|  |TAMS 0x00000000c8e00000, 0x00000000c8f00000| Untracked 
| 133|0x00000000c8f00000, 0x00000000c9000000, 0x00000000c9000000|100%| O|  |TAMS 0x00000000c8f00000, 0x00000000c9000000| Untracked 
| 134|0x00000000c9000000, 0x00000000c9100000, 0x00000000c9100000|100%| O|  |TAMS 0x00000000c9000000, 0x00000000c9100000| Untracked 
| 135|0x00000000c9100000, 0x00000000c9200000, 0x00000000c9200000|100%| O|  |TAMS 0x00000000c9100000, 0x00000000c9200000| Untracked 
| 136|0x00000000c9200000, 0x00000000c9300000, 0x00000000c9300000|100%| O|  |TAMS 0x00000000c9200000, 0x00000000c9300000| Untracked 
| 137|0x00000000c9300000, 0x00000000c9400000, 0x00000000c9400000|100%| O|  |TAMS 0x00000000c9300000, 0x00000000c9400000| Untracked 
| 138|0x00000000c9400000, 0x00000000c9500000, 0x00000000c9500000|100%| O|  |TAMS 0x00000000c9400000, 0x00000000c9500000| Untracked 
| 139|0x00000000c9500000, 0x00000000c9600000, 0x00000000c9600000|100%| O|  |TAMS 0x00000000c9500000, 0x00000000c9600000| Untracked 
| 140|0x00000000c9600000, 0x00000000c9700000, 0x00000000c9700000|100%| O|  |TAMS 0x00000000c9600000, 0x00000000c9700000| Untracked 
| 141|0x00000000c9700000, 0x00000000c9800000, 0x00000000c9800000|100%| O|  |TAMS 0x00000000c9700000, 0x00000000c9800000| Untracked 
| 142|0x00000000c9800000, 0x00000000c9900000, 0x00000000c9900000|100%| O|  |TAMS 0x00000000c9800000, 0x00000000c9900000| Untracked 
| 143|0x00000000c9900000, 0x00000000c9a00000, 0x00000000c9a00000|100%| O|  |TAMS 0x00000000c9900000, 0x00000000c9a00000| Untracked 
| 144|0x00000000c9a00000, 0x00000000c9b00000, 0x00000000c9b00000|100%| O|  |TAMS 0x00000000c9a00000, 0x00000000c9b00000| Untracked 
| 145|0x00000000c9b00000, 0x00000000c9c00000, 0x00000000c9c00000|100%| O|  |TAMS 0x00000000c9b00000, 0x00000000c9c00000| Untracked 
| 146|0x00000000c9c00000, 0x00000000c9d00000, 0x00000000c9d00000|100%| O|  |TAMS 0x00000000c9c00000, 0x00000000c9d00000| Untracked 
| 147|0x00000000c9d00000, 0x00000000c9e00000, 0x00000000c9e00000|100%| O|  |TAMS 0x00000000c9d00000, 0x00000000c9e00000| Untracked 
| 148|0x00000000c9e00000, 0x00000000c9f00000, 0x00000000c9f00000|100%| O|  |TAMS 0x00000000c9e00000, 0x00000000c9f00000| Untracked 
| 149|0x00000000c9f00000, 0x00000000ca000000, 0x00000000ca000000|100%| O|  |TAMS 0x00000000c9f00000, 0x00000000ca000000| Untracked 
| 150|0x00000000ca000000, 0x00000000ca100000, 0x00000000ca100000|100%| O|  |TAMS 0x00000000ca000000, 0x00000000ca100000| Untracked 
| 151|0x00000000ca100000, 0x00000000ca200000, 0x00000000ca200000|100%| O|  |TAMS 0x00000000ca100000, 0x00000000ca200000| Untracked 
| 152|0x00000000ca200000, 0x00000000ca300000, 0x00000000ca300000|100%| O|  |TAMS 0x00000000ca200000, 0x00000000ca300000| Untracked 
| 153|0x00000000ca300000, 0x00000000ca400000, 0x00000000ca400000|100%| O|  |TAMS 0x00000000ca300000, 0x00000000ca400000| Untracked 
| 154|0x00000000ca400000, 0x00000000ca500000, 0x00000000ca500000|100%| O|  |TAMS 0x00000000ca400000, 0x00000000ca500000| Untracked 
| 155|0x00000000ca500000, 0x00000000ca600000, 0x00000000ca600000|100%| O|  |TAMS 0x00000000ca500000, 0x00000000ca600000| Untracked 
| 156|0x00000000ca600000, 0x00000000ca700000, 0x00000000ca700000|100%| O|  |TAMS 0x00000000ca600000, 0x00000000ca700000| Untracked 
| 157|0x00000000ca700000, 0x00000000ca800000, 0x00000000ca800000|100%| O|  |TAMS 0x00000000ca700000, 0x00000000ca800000| Untracked 
| 158|0x00000000ca800000, 0x00000000ca900000, 0x00000000ca900000|100%| O|  |TAMS 0x00000000ca800000, 0x00000000ca900000| Untracked 
| 159|0x00000000ca900000, 0x00000000caa00000, 0x00000000caa00000|100%| O|  |TAMS 0x00000000ca900000, 0x00000000caa00000| Untracked 
| 160|0x00000000caa00000, 0x00000000cab00000, 0x00000000cab00000|100%| O|  |TAMS 0x00000000caa00000, 0x00000000cab00000| Untracked 
| 161|0x00000000cab00000, 0x00000000cab79c00, 0x00000000cac00000| 47%| O|  |TAMS 0x00000000cab00000, 0x00000000cab00000| Untracked 
| 162|0x00000000cac00000, 0x00000000cac00000, 0x00000000cad00000|  0%| F|  |TAMS 0x00000000cac00000, 0x00000000cac00000| Untracked 
| 163|0x00000000cad00000, 0x00000000cad00000, 0x00000000cae00000|  0%| F|  |TAMS 0x00000000cad00000, 0x00000000cad00000| Untracked 
| 164|0x00000000cae00000, 0x00000000cae00000, 0x00000000caf00000|  0%| F|  |TAMS 0x00000000cae00000, 0x00000000cae00000| Untracked 
| 165|0x00000000caf00000, 0x00000000caf00000, 0x00000000cb000000|  0%| F|  |TAMS 0x00000000caf00000, 0x00000000caf00000| Untracked 
| 166|0x00000000cb000000, 0x00000000cb100000, 0x00000000cb100000|100%| O|  |TAMS 0x00000000cb000000, 0x00000000cb100000| Untracked 
| 167|0x00000000cb100000, 0x00000000cb200000, 0x00000000cb200000|100%| O|  |TAMS 0x00000000cb100000, 0x00000000cb200000| Untracked 
| 168|0x00000000cb200000, 0x00000000cb300000, 0x00000000cb300000|100%| O|  |TAMS 0x00000000cb200000, 0x00000000cb300000| Untracked 
| 169|0x00000000cb300000, 0x00000000cb400000, 0x00000000cb400000|100%| O|  |TAMS 0x00000000cb300000, 0x00000000cb400000| Untracked 
| 170|0x00000000cb400000, 0x00000000cb500000, 0x00000000cb500000|100%| O|  |TAMS 0x00000000cb400000, 0x00000000cb500000| Untracked 
| 171|0x00000000cb500000, 0x00000000cb600000, 0x00000000cb600000|100%| O|  |TAMS 0x00000000cb500000, 0x00000000cb600000| Untracked 
| 172|0x00000000cb600000, 0x00000000cb700000, 0x00000000cb700000|100%| O|  |TAMS 0x00000000cb600000, 0x00000000cb700000| Untracked 
| 173|0x00000000cb700000, 0x00000000cb800000, 0x00000000cb800000|100%| O|  |TAMS 0x00000000cb700000, 0x00000000cb800000| Untracked 
| 174|0x00000000cb800000, 0x00000000cb900000, 0x00000000cb900000|100%| O|  |TAMS 0x00000000cb800000, 0x00000000cb900000| Untracked 
| 175|0x00000000cb900000, 0x00000000cba00000, 0x00000000cba00000|100%| O|  |TAMS 0x00000000cb900000, 0x00000000cba00000| Untracked 
| 176|0x00000000cba00000, 0x00000000cbb00000, 0x00000000cbb00000|100%| O|  |TAMS 0x00000000cba00000, 0x00000000cbb00000| Untracked 
| 177|0x00000000cbb00000, 0x00000000cbc00000, 0x00000000cbc00000|100%| O|  |TAMS 0x00000000cbb00000, 0x00000000cbc00000| Untracked 
| 178|0x00000000cbc00000, 0x00000000cbd00000, 0x00000000cbd00000|100%| O|  |TAMS 0x00000000cbc00000, 0x00000000cbd00000| Untracked 
| 179|0x00000000cbd00000, 0x00000000cbe00000, 0x00000000cbe00000|100%| O|  |TAMS 0x00000000cbd00000, 0x00000000cbe00000| Untracked 
| 180|0x00000000cbe00000, 0x00000000cbf00000, 0x00000000cbf00000|100%| O|  |TAMS 0x00000000cbe00000, 0x00000000cbf00000| Untracked 
| 181|0x00000000cbf00000, 0x00000000cc000000, 0x00000000cc000000|100%| O|  |TAMS 0x00000000cbf00000, 0x00000000cc000000| Untracked 
| 182|0x00000000cc000000, 0x00000000cc100000, 0x00000000cc100000|100%| O|  |TAMS 0x00000000cc000000, 0x00000000cc100000| Untracked 
| 183|0x00000000cc100000, 0x00000000cc200000, 0x00000000cc200000|100%| O|  |TAMS 0x00000000cc100000, 0x00000000cc200000| Untracked 
| 184|0x00000000cc200000, 0x00000000cc300000, 0x00000000cc300000|100%| O|  |TAMS 0x00000000cc200000, 0x00000000cc300000| Untracked 
| 185|0x00000000cc300000, 0x00000000cc400000, 0x00000000cc400000|100%| O|  |TAMS 0x00000000cc300000, 0x00000000cc400000| Untracked 
| 186|0x00000000cc400000, 0x00000000cc500000, 0x00000000cc500000|100%| O|  |TAMS 0x00000000cc400000, 0x00000000cc500000| Untracked 
| 187|0x00000000cc500000, 0x00000000cc600000, 0x00000000cc600000|100%| O|  |TAMS 0x00000000cc500000, 0x00000000cc53a600| Untracked 
| 188|0x00000000cc600000, 0x00000000cc700000, 0x00000000cc700000|100%| O|  |TAMS 0x00000000cc600000, 0x00000000cc600000| Untracked 
| 189|0x00000000cc700000, 0x00000000cc800000, 0x00000000cc800000|100%| O|  |TAMS 0x00000000cc700000, 0x00000000cc700000| Untracked 
| 190|0x00000000cc800000, 0x00000000cc900000, 0x00000000cc900000|100%| O|  |TAMS 0x00000000cc800000, 0x00000000cc800000| Untracked 
| 191|0x00000000cc900000, 0x00000000cca00000, 0x00000000cca00000|100%| O|  |TAMS 0x00000000cc900000, 0x00000000cc900000| Untracked 
| 192|0x00000000cca00000, 0x00000000ccb00000, 0x00000000ccb00000|100%| O|  |TAMS 0x00000000cca00000, 0x00000000cca00000| Untracked 
| 193|0x00000000ccb00000, 0x00000000ccc00000, 0x00000000ccc00000|100%| O|  |TAMS 0x00000000ccb00000, 0x00000000ccb00000| Untracked 
| 194|0x00000000ccc00000, 0x00000000ccd00000, 0x00000000ccd00000|100%| O|  |TAMS 0x00000000ccc00000, 0x00000000ccc00000| Untracked 
| 195|0x00000000ccd00000, 0x00000000cce00000, 0x00000000cce00000|100%| O|  |TAMS 0x00000000ccd00000, 0x00000000ccd00000| Untracked 
| 196|0x00000000cce00000, 0x00000000ccf00000, 0x00000000ccf00000|100%| O|  |TAMS 0x00000000cce00000, 0x00000000cce00000| Untracked 
| 197|0x00000000ccf00000, 0x00000000ccf00000, 0x00000000cd000000|  0%| F|  |TAMS 0x00000000ccf00000, 0x00000000ccf00000| Untracked 
| 198|0x00000000cd000000, 0x00000000cd000000, 0x00000000cd100000|  0%| F|  |TAMS 0x00000000cd000000, 0x00000000cd000000| Untracked 
| 199|0x00000000cd100000, 0x00000000cd100000, 0x00000000cd200000|  0%| F|  |TAMS 0x00000000cd100000, 0x00000000cd100000| Untracked 
| 200|0x00000000cd200000, 0x00000000cd200000, 0x00000000cd300000|  0%| F|  |TAMS 0x00000000cd200000, 0x00000000cd200000| Untracked 
| 201|0x00000000cd300000, 0x00000000cd300000, 0x00000000cd400000|  0%| F|  |TAMS 0x00000000cd300000, 0x00000000cd300000| Untracked 
| 202|0x00000000cd400000, 0x00000000cd400000, 0x00000000cd500000|  0%| F|  |TAMS 0x00000000cd400000, 0x00000000cd400000| Untracked 
| 203|0x00000000cd500000, 0x00000000cd500000, 0x00000000cd600000|  0%| F|  |TAMS 0x00000000cd500000, 0x00000000cd500000| Untracked 
| 204|0x00000000cd600000, 0x00000000cd600000, 0x00000000cd700000|  0%| F|  |TAMS 0x00000000cd600000, 0x00000000cd600000| Untracked 
| 205|0x00000000cd700000, 0x00000000cd700000, 0x00000000cd800000|  0%| F|  |TAMS 0x00000000cd700000, 0x00000000cd700000| Untracked 
| 206|0x00000000cd800000, 0x00000000cd800000, 0x00000000cd900000|  0%| F|  |TAMS 0x00000000cd800000, 0x00000000cd800000| Untracked 
| 207|0x00000000cd900000, 0x00000000cd900000, 0x00000000cda00000|  0%| F|  |TAMS 0x00000000cd900000, 0x00000000cd900000| Untracked 
| 208|0x00000000cda00000, 0x00000000cda43fe0, 0x00000000cdb00000| 26%| S|CS|TAMS 0x00000000cda00000, 0x00000000cda00000| Complete 
| 209|0x00000000cdb00000, 0x00000000cdc00000, 0x00000000cdc00000|100%| S|CS|TAMS 0x00000000cdb00000, 0x00000000cdb00000| Complete 
| 210|0x00000000cdc00000, 0x00000000cdc00000, 0x00000000cdd00000|  0%| F|  |TAMS 0x00000000cdc00000, 0x00000000cdc00000| Untracked 
| 211|0x00000000cdd00000, 0x00000000cdd00000, 0x00000000cde00000|  0%| F|  |TAMS 0x00000000cdd00000, 0x00000000cdd00000| Untracked 
| 212|0x00000000cde00000, 0x00000000cde00000, 0x00000000cdf00000|  0%| F|  |TAMS 0x00000000cde00000, 0x00000000cde00000| Untracked 
| 213|0x00000000cdf00000, 0x00000000cdf00000, 0x00000000ce000000|  0%| F|  |TAMS 0x00000000cdf00000, 0x00000000cdf00000| Untracked 
| 214|0x00000000ce000000, 0x00000000ce000000, 0x00000000ce100000|  0%| F|  |TAMS 0x00000000ce000000, 0x00000000ce000000| Untracked 
| 215|0x00000000ce100000, 0x00000000ce100000, 0x00000000ce200000|  0%| F|  |TAMS 0x00000000ce100000, 0x00000000ce100000| Untracked 
| 216|0x00000000ce200000, 0x00000000ce200000, 0x00000000ce300000|  0%| F|  |TAMS 0x00000000ce200000, 0x00000000ce200000| Untracked 
| 217|0x00000000ce300000, 0x00000000ce300000, 0x00000000ce400000|  0%| F|  |TAMS 0x00000000ce300000, 0x00000000ce300000| Untracked 

Card table byte_map: [0x00000251fc420000,0x00000251fc620000] _byte_map_base: 0x00000251fbe1b000

Marking Bits (Prev, Next): (CMBitMap*) 0x00000251fc1793d8, (CMBitMap*) 0x00000251fc179410
 Prev Bits: [0x00000251fc820000, 0x00000251fd7f8000)
 Next Bits: [0x00000251fd800000, 0x00000251fe7d8000)

Polling page: 0x00000251fb920000

Metaspace:

Usage:
  Non-class:     83.63 MB capacity,    82.30 MB ( 98%) used,     1.15 MB (  1%) free+waste,   180.25 KB ( <1%) overhead. 
      Class:     12.61 MB capacity,    11.76 MB ( 93%) used,   781.80 KB (  6%) free+waste,    81.06 KB ( <1%) overhead. 
       Both:     96.24 MB capacity,    94.06 MB ( 98%) used,     1.92 MB (  2%) free+waste,   261.31 KB ( <1%) overhead. 

Virtual space:
  Non-class space:       84.00 MB reserved,      83.75 MB (>99%) committed 
      Class space:        1.00 GB reserved,      12.63 MB (  1%) committed 
             Both:        1.08 GB reserved,      96.38 MB (  9%) committed 

Chunk freelists:
   Non-Class:  0 bytes
       Class:  2.25 KB
        Both:  2.25 KB

CodeHeap 'non-profiled nmethods': size=120064Kb used=9777Kb max_used=9777Kb free=110287Kb
 bounds [0x000002518fd10000, 0x00000251906a0000, 0x0000025197250000]
CodeHeap 'profiled nmethods': size=120000Kb used=32905Kb max_used=32905Kb free=87094Kb
 bounds [0x00000251887e0000, 0x000002518a810000, 0x000002518fd10000]
CodeHeap 'non-nmethods': size=5696Kb used=1261Kb max_used=1323Kb free=4434Kb
 bounds [0x0000025188250000, 0x00000251884c0000, 0x00000251887e0000]
 total_blobs=18912 nmethods=13757 adapters=553
 compilation: enabled
              stopped_count=0, restarted_count=0
 full_count=0

Compilation events (10 events):
Event: 317.238 Thread 0x000002519a02f800 14473       4       org.jetbrains.kotlin.com.intellij.util.containers.MultiMap::putValue (44 bytes)
Event: 317.240 Thread 0x00000251feced800 14477       3       java.util.regex.Matcher::replaceAll (59 bytes)
Event: 317.241 Thread 0x00000251feced800 nmethod 14477 0x000002518a80b290 code [0x000002518a80b540, 0x000002518a80c0c0]
Event: 317.241 Thread 0x00000251feced800 14478       3       org.jetbrains.kotlin.psi.KtDeclarationStub::getParent (45 bytes)
Event: 317.242 Thread 0x00000251feced800 nmethod 14478 0x000002518a80c490 code [0x000002518a80c760, 0x000002518a80d780]
Event: 317.246 Thread 0x000002519a02f800 nmethod 14473 0x000002519069b190 code [0x000002519069b360, 0x000002519069bb88]
Event: 317.246 Thread 0x000002519a02f800 14475       4       org.jetbrains.kotlin.container.ComponentRegistry::tryGetEntry (83 bytes)
Event: 317.252 Thread 0x000002519a02f800 nmethod 14475 0x000002519069bf10 code [0x000002519069c0e0, 0x000002519069c498]
Event: 317.252 Thread 0x000002519a02f800 14474       4       kotlin.collections.CollectionsKt___CollectionsKt::singleOrNull (81 bytes)
Event: 317.255 Thread 0x000002519a02f800 nmethod 14474 0x000002519069c810 code [0x000002519069c9e0, 0x000002519069ccf8]

GC Heap History (10 events):
Event: 316.994 GC heap after
{Heap after GC invocations=126 (full 0):
 garbage-first heap   total 223232K, used 191546K [0x00000000c0a00000, 0x0000000100000000)
  region size 1024K, 2 young (2048K), 2 survivors (2048K)
 Metaspace       used 96193K, capacity 98341K, committed 98432K, reserved 1134592K
  class space    used 12040K, capacity 12908K, committed 12928K, reserved 1048576K
}
Event: 317.008 GC heap before
{Heap before GC invocations=126 (full 0):
 garbage-first heap   total 223232K, used 199738K [0x00000000c0a00000, 0x0000000100000000)
  region size 1024K, 10 young (10240K), 2 survivors (2048K)
 Metaspace       used 96193K, capacity 98341K, committed 98432K, reserved 1134592K
  class space    used 12040K, capacity 12908K, committed 12928K, reserved 1048576K
}
Event: 317.017 GC heap after
{Heap after GC invocations=127 (full 0):
 garbage-first heap   total 223232K, used 193656K [0x00000000c0a00000, 0x0000000100000000)
  region size 1024K, 2 young (2048K), 2 survivors (2048K)
 Metaspace       used 96193K, capacity 98341K, committed 98432K, reserved 1134592K
  class space    used 12040K, capacity 12908K, committed 12928K, reserved 1048576K
}
Event: 317.033 GC heap before
{Heap before GC invocations=127 (full 0):
 garbage-first heap   total 223232K, used 201848K [0x00000000c0a00000, 0x0000000100000000)
  region size 1024K, 10 young (10240K), 2 survivors (2048K)
 Metaspace       used 96193K, capacity 98341K, committed 98432K, reserved 1134592K
  class space    used 12040K, capacity 12908K, committed 12928K, reserved 1048576K
}
Event: 317.038 GC heap after
{Heap after GC invocations=128 (full 0):
 garbage-first heap   total 223232K, used 195965K [0x00000000c0a00000, 0x0000000100000000)
  region size 1024K, 2 young (2048K), 2 survivors (2048K)
 Metaspace       used 96193K, capacity 98341K, committed 98432K, reserved 1134592K
  class space    used 12040K, capacity 12908K, committed 12928K, reserved 1048576K
}
Event: 317.070 GC heap before
{Heap before GC invocations=128 (full 0):
 garbage-first heap   total 223232K, used 204157K [0x00000000c0a00000, 0x0000000100000000)
  region size 1024K, 10 young (10240K), 2 survivors (2048K)
 Metaspace       used 96193K, capacity 98341K, committed 98432K, reserved 1134592K
  class space    used 12040K, capacity 12908K, committed 12928K, reserved 1048576K
}
Event: 317.080 GC heap after
{Heap after GC invocations=129 (full 0):
 garbage-first heap   total 223232K, used 200529K [0x00000000c0a00000, 0x0000000100000000)
  region size 1024K, 2 young (2048K), 2 survivors (2048K)
 Metaspace       used 96193K, capacity 98341K, committed 98432K, reserved 1134592K
  class space    used 12040K, capacity 12908K, committed 12928K, reserved 1048576K
}
Event: 317.143 GC heap before
{Heap before GC invocations=129 (full 0):
 garbage-first heap   total 223232K, used 208721K [0x00000000c0a00000, 0x0000000100000000)
  region size 1024K, 10 young (10240K), 2 survivors (2048K)
 Metaspace       used 96260K, capacity 98410K, committed 98432K, reserved 1134592K
  class space    used 12045K, capacity 12909K, committed 12928K, reserved 1048576K
}
Event: 317.149 GC heap after
{Heap after GC invocations=130 (full 0):
 garbage-first heap   total 223232K, used 196987K [0x00000000c0a00000, 0x0000000100000000)
  region size 1024K, 2 young (2048K), 2 survivors (2048K)
 Metaspace       used 96260K, capacity 98410K, committed 98432K, reserved 1134592K
  class space    used 12045K, capacity 12909K, committed 12928K, reserved 1048576K
}
Event: 317.261 GC heap before
{Heap before GC invocations=130 (full 0):
 garbage-first heap   total 223232K, used 205179K [0x00000000c0a00000, 0x0000000100000000)
  region size 1024K, 10 young (10240K), 2 survivors (2048K)
 Metaspace       used 96322K, capacity 98546K, committed 98688K, reserved 1134592K
  class space    used 12047K, capacity 12910K, committed 12928K, reserved 1048576K
}

Deoptimization events (10 events):
Event: 316.763 Thread 0x000002519a6d4000 Uncommon trap: reason=profile_predicate action=maybe_recompile pc=0x0000025190669588 method=jdk.internal.jimage.ImageStringsReader.charsFromByteBuffer([CLjava/nio/ByteBuffer;)V @ 6 c2
Event: 316.763 Thread 0x000002519a6d4000 Uncommon trap: reason=profile_predicate action=maybe_recompile pc=0x0000025190666568 method=jdk.internal.jimage.ImageStringsReader.charsFromByteBuffer([CLjava/nio/ByteBuffer;)V @ 6 c2
Event: 316.824 Thread 0x000002519a6d4000 Uncommon trap: reason=bimorphic_or_optimized_type_check action=maybe_recompile pc=0x000002519011a81c method=org.jetbrains.kotlin.protobuf.CodedOutputStream.refreshBuffer()V @ 28 c2
Event: 316.827 Thread 0x000002519a6d4000 Uncommon trap: reason=profile_predicate action=maybe_recompile pc=0x00000251902650ac method=gnu.trove.TObjectHash.insertionIndex(Ljava/lang/Object;)I @ 195 c2
Event: 316.850 Thread 0x000002519a6d4000 Uncommon trap: reason=unstable_if action=reinterpret pc=0x0000025190239d8c method=org.gradle.api.internal.changedetection.state.GlobalScopeFileTimeStampInspector.timestampCanBeUsedToDetectFileChange(Ljava/lang/String;J)Z @ 14 c2
Event: 316.850 Thread 0x000002519a6ce800 Uncommon trap: reason=unstable_if action=reinterpret pc=0x00000251904b98a8 method=java.io.BufferedOutputStream.write([BII)V @ 35 c2
Event: 316.870 Thread 0x000002519a6d4000 Uncommon trap: reason=profile_predicate action=maybe_recompile pc=0x000002519063896c method=com.google.common.collect.RegularImmutableMap.createHashTable([Ljava/lang/Object;III)[I @ 99 c2
Event: 316.894 Thread 0x000002519a6d4000 Uncommon trap: reason=profile_predicate action=maybe_recompile pc=0x000002519063896c method=com.google.common.collect.RegularImmutableMap.createHashTable([Ljava/lang/Object;III)[I @ 99 c2
Event: 316.894 Thread 0x000002519a6d4000 Uncommon trap: reason=profile_predicate action=maybe_recompile pc=0x000002519063896c method=com.google.common.collect.RegularImmutableMap.createHashTable([Ljava/lang/Object;III)[I @ 99 c2
Event: 316.913 Thread 0x000002519a6d4000 Uncommon trap: reason=class_check action=maybe_recompile pc=0x000002518ffec6bc method=org.gradle.cache.internal.LockOnDemandCrossProcessCacheAccess.incrementLockCount()V @ 97 c2

Classes redefined (0 events):
No events

Internal exceptions (10 events):
Event: 250.759 Thread 0x000002519a6d4000 Exception <a 'java/lang/NoSuchMethodError'{0x00000000c87e5a68}: java.lang.invoke.DirectMethodHandle$Holder.invokeInterface(Ljava/lang/Object;Ljava/lang/Object;)I> (0x00000000c87e5a68) thrown at [t:/workspace/open/src/hotspot/share/interpreter/linkResolver
Event: 252.501 Thread 0x000002519a6d4000 Implicit null exception at 0x000002518fd3ad74 to 0x000002518fd3b22e
Event: 255.450 Thread 0x000002519a6d4000 Exception <a 'java/lang/NoSuchMethodError'{0x00000000cc233e48}: java.lang.invoke.DirectMethodHandle$Holder.invokeInterface(Ljava/lang/Object;Ljava/lang/Object;Ljava/lang/Object;)Ljava/lang/Object;> (0x00000000cc233e48) thrown at [t:/workspace/open/src/hot
Event: 255.451 Thread 0x000002519a6d4000 Exception <a 'java/lang/IncompatibleClassChangeError'{0x00000000cc237dc0}: Found class java.lang.Object, but interface was expected> (0x00000000cc237dc0) thrown at [t:/workspace/open/src/hotspot/share/interpreter/linkResolver.cpp, line 838]
Event: 256.272 Thread 0x000002519a6d4000 Exception <a 'java/lang/NoSuchMethodError'{0x00000000cb992068}: java.lang.invoke.DirectMethodHandle$Holder.invokeSpecial(Ljava/lang/Object;Ljava/lang/Object;Ljava/lang/Object;Ljava/lang/Object;Ljava/lang/Object;Ljava/lang/Object;)V> (0x00000000cb992068) t
Event: 260.329 Thread 0x000002519a6d4000 Exception <a 'java/lang/NoSuchMethodError'{0x00000000ce15f0a8}: java.lang.invoke.Invokers$Holder.linkToTargetMethod(Ljava/lang/Object;Ljava/lang/Object;Ljava/lang/Object;Ljava/lang/Object;Ljava/lang/Object;Ljava/lang/Object;Ljava/lang/Object;)Ljava/lang/O
Event: 262.025 Thread 0x000002519a6d4000 Exception <a 'java/lang/NoSuchMethodError'{0x00000000cd607100}: java.lang.invoke.DirectMethodHandle$Holder.invokeSpecial(Ljava/lang/Object;Ljava/lang/Object;Ljava/lang/Object;Ljava/lang/Object;Ljava/lang/Object;Ljava/lang/Object;Ljava/lang/Object;Ljava/la
Event: 262.026 Thread 0x000002519a6d4000 Exception <a 'java/lang/NoSuchMethodError'{0x00000000cd612f08}: java.lang.invoke.DirectMethodHandle$Holder.invokeStatic(Ljava/lang/Object;Ljava/lang/Object;Ljava/lang/Object;Ljava/lang/Object;Ljava/lang/Object;Ljava/lang/Object;Ljava/lang/Object;Ljava/lan
Event: 262.027 Thread 0x000002519a6d4000 Exception <a 'java/lang/NoSuchMethodError'{0x00000000cd6186f0}: java.lang.invoke.DirectMethodHandle$Holder.invokeSpecial(Ljava/lang/Object;Ljava/lang/Object;Ljava/lang/Object;Ljava/lang/Object;Ljava/lang/Object;Ljava/lang/Object;Ljava/lang/Object;Ljava/la
Event: 316.558 Thread 0x000002519a6d4000 Implicit null exception at 0x0000025190643d23 to 0x000002519064562a

Events (10 events):
Event: 317.017 Executing VM operation: G1CollectForAllocation done
Event: 317.033 Executing VM operation: G1CollectForAllocation
Event: 317.038 Executing VM operation: G1CollectForAllocation done
Event: 317.070 Executing VM operation: G1CollectForAllocation
Event: 317.080 Executing VM operation: G1CollectForAllocation done
Event: 317.119 Thread 0x000002519a02f800 Thread exited: 0x000002519a02f800
Event: 317.143 Executing VM operation: G1CollectForAllocation
Event: 317.149 Executing VM operation: G1CollectForAllocation done
Event: 317.152 Thread 0x000002519a02f800 Thread added: 0x000002519a02f800
Event: 317.250 Executing VM operation: G1CollectForAllocation


Dynamic libraries:
0x00007ff7a5d70000 - 0x00007ff7a5db7000 	C:\Program Files\Java\jdk-11.0.2\bin\java.exe
0x00007ffcdd860000 - 0x00007ffcdda4d000 	C:\WINDOWS\SYSTEM32\ntdll.dll
0x00007ffcdbe60000 - 0x00007ffcdbf13000 	C:\WINDOWS\System32\KERNEL32.DLL
0x00007ffcda4f0000 - 0x00007ffcda783000 	C:\WINDOWS\System32\KERNELBASE.dll
0x00007ffcdb6b0000 - 0x00007ffcdb753000 	C:\WINDOWS\System32\ADVAPI32.dll
0x00007ffcdb080000 - 0x00007ffcdb11e000 	C:\WINDOWS\System32\msvcrt.dll
0x00007ffcdc070000 - 0x00007ffcdc10e000 	C:\WINDOWS\System32\sechost.dll
0x00007ffcdbd30000 - 0x00007ffcdbe52000 	C:\WINDOWS\System32\RPCRT4.dll
0x00007ffcdb360000 - 0x00007ffcdb4f7000 	C:\WINDOWS\System32\USER32.dll
0x00007ffcd9930000 - 0x00007ffcd9950000 	C:\WINDOWS\System32\win32u.dll
0x00007ffcdb050000 - 0x00007ffcdb079000 	C:\WINDOWS\System32\GDI32.dll
0x00007ffcd9ab0000 - 0x00007ffcd9c4a000 	C:\WINDOWS\System32\gdi32full.dll
0x00007ffcda970000 - 0x00007ffcdaa10000 	C:\WINDOWS\System32\msvcp_win.dll
0x00007ffcd9950000 - 0x00007ffcd9a4a000 	C:\WINDOWS\System32\ucrtbase.dll
0x00007ffccbb50000 - 0x00007ffccbdc9000 	C:\WINDOWS\WinSxS\amd64_microsoft.windows.common-controls_6595b64144ccf1df_6.0.17763.437_none_05b63dca071e5dd6\COMCTL32.dll
0x00007ffcdba00000 - 0x00007ffcdbd2c000 	C:\WINDOWS\System32\combase.dll
0x00007ffcd39a0000 - 0x00007ffcd39aa000 	C:\WINDOWS\SYSTEM32\VERSION.dll
0x00007ffcdaa10000 - 0x00007ffcdaa8e000 	C:\WINDOWS\System32\bcryptPrimitives.dll
0x00007ffcdb670000 - 0x00007ffcdb69e000 	C:\WINDOWS\System32\IMM32.DLL
0x00007ffcb4610000 - 0x00007ffcb4626000 	C:\Program Files\Java\jdk-11.0.2\bin\vcruntime140.dll
0x00007ffca5470000 - 0x00007ffca551a000 	C:\Program Files\Java\jdk-11.0.2\bin\msvcp140.dll
0x00007ffc7bf60000 - 0x00007ffc7ca87000 	C:\Program Files\Java\jdk-11.0.2\bin\server\jvm.dll
0x00007ffcdb9f0000 - 0x00007ffcdb9f8000 	C:\WINDOWS\System32\PSAPI.DLL
0x00007ffcd7a50000 - 0x00007ffcd7a74000 	C:\WINDOWS\SYSTEM32\WINMM.dll
0x00007ffcc33b0000 - 0x00007ffcc33b9000 	C:\WINDOWS\SYSTEM32\WSOCK32.dll
0x00007ffcdbfa0000 - 0x00007ffcdc00d000 	C:\WINDOWS\System32\WS2_32.dll
0x00007ffcd7930000 - 0x00007ffcd795d000 	C:\WINDOWS\SYSTEM32\WINMMBASE.dll
0x00007ffcda470000 - 0x00007ffcda4ba000 	C:\WINDOWS\System32\cfgmgr32.dll
0x00007ffcd98f0000 - 0x00007ffcd9901000 	C:\WINDOWS\System32\kernel.appcore.dll
0x00007ffcabf10000 - 0x00007ffcabf21000 	C:\Program Files\Java\jdk-11.0.2\bin\verify.dll
0x00007ffcc8760000 - 0x00007ffcc894d000 	C:\WINDOWS\SYSTEM32\DBGHELP.DLL
0x00007ffcc8420000 - 0x00007ffcc844a000 	C:\WINDOWS\SYSTEM32\dbgcore.DLL
0x00007ffca8e80000 - 0x00007ffca8ea9000 	C:\Program Files\Java\jdk-11.0.2\bin\java.dll
0x00007ffcabc80000 - 0x00007ffcabc96000 	C:\Program Files\Java\jdk-11.0.2\bin\zip.dll
0x00007ffcd64b0000 - 0x00007ffcd64ba000 	C:\Program Files\Java\jdk-11.0.2\bin\jimage.dll
0x00007ffcdc2c0000 - 0x00007ffcdd7b0000 	C:\WINDOWS\System32\SHELL32.dll
0x00007ffcdb890000 - 0x00007ffcdb938000 	C:\WINDOWS\System32\shcore.dll
0x00007ffcd9d20000 - 0x00007ffcda46a000 	C:\WINDOWS\System32\windows.storage.dll
0x00007ffcd98c0000 - 0x00007ffcd98e4000 	C:\WINDOWS\System32\profapi.dll
0x00007ffcd9860000 - 0x00007ffcd98bd000 	C:\WINDOWS\System32\powrprof.dll
0x00007ffcdbf20000 - 0x00007ffcdbf72000 	C:\WINDOWS\System32\shlwapi.dll
0x00007ffcd9d00000 - 0x00007ffcd9d17000 	C:\WINDOWS\System32\cryptsp.dll
0x00007ffca8840000 - 0x00007ffca8859000 	C:\Program Files\Java\jdk-11.0.2\bin\net.dll
0x00007ffcd5330000 - 0x00007ffcd5421000 	C:\WINDOWS\SYSTEM32\WINHTTP.dll
0x00007ffcd0300000 - 0x00007ffcd04d6000 	C:\WINDOWS\SYSTEM32\urlmon.dll
0x00007ffccc110000 - 0x00007ffccc3b8000 	C:\WINDOWS\SYSTEM32\iertutil.dll
0x00007ffcd92b0000 - 0x00007ffcd92bc000 	C:\WINDOWS\SYSTEM32\CRYPTBASE.DLL
0x00007ffcd90e0000 - 0x00007ffcd9147000 	C:\WINDOWS\system32\mswsock.dll
0x00007ffca8820000 - 0x00007ffca8833000 	C:\Program Files\Java\jdk-11.0.2\bin\nio.dll
0x00007ffcb1c10000 - 0x00007ffcb1c36000 	C:\Users\Dini Home\.gradle\native\28\windows-amd64\native-platform.dll
0x00007ffcc72e0000 - 0x00007ffcc72e9000 	C:\Program Files\Java\jdk-11.0.2\bin\management.dll
0x00007ffcc3660000 - 0x00007ffcc366c000 	C:\Program Files\Java\jdk-11.0.2\bin\management_ext.dll
0x00007ffcd8c40000 - 0x00007ffcd8c73000 	C:\WINDOWS\system32\rsaenh.dll
0x00007ffcda4c0000 - 0x00007ffcda4e6000 	C:\WINDOWS\System32\bcrypt.dll
0x00007ffcd9760000 - 0x00007ffcd9788000 	C:\WINDOWS\SYSTEM32\USERENV.dll
0x00007ffcd8de0000 - 0x00007ffcd8e1d000 	C:\WINDOWS\SYSTEM32\IPHLPAPI.DLL
0x00007ffcdb660000 - 0x00007ffcdb668000 	C:\WINDOWS\System32\NSI.dll
0x00007ffcd3ba0000 - 0x00007ffcd3bb6000 	C:\WINDOWS\SYSTEM32\dhcpcsvc6.DLL
0x00007ffcd3980000 - 0x00007ffcd399c000 	C:\WINDOWS\SYSTEM32\dhcpcsvc.DLL
0x00007ffcd8e80000 - 0x00007ffcd8f46000 	C:\WINDOWS\SYSTEM32\DNSAPI.dll

dbghelp: loaded successfully - version: 4.0.5 - missing functions: none
symbol engine: initialized successfully - sym options: 0x614 - pdb path: .;C:\Program Files\Java\jdk-11.0.2\bin;C:\WINDOWS\SYSTEM32;C:\WINDOWS\WinSxS\amd64_microsoft.windows.common-controls_6595b64144ccf1df_6.0.17763.437_none_05b63dca071e5dd6;C:\Program Files\Java\jdk-11.0.2\bin\server;C:\Users\Dini Home\.gradle\native\28\windows-amd64

VM Arguments:
jvm_args: --add-opens=java.base/java.util=ALL-UNNAMED --add-opens=java.base/java.lang=ALL-UNNAMED --add-opens=java.base/java.lang.invoke=ALL-UNNAMED --add-opens=java.prefs/java.util.prefs=ALL-UNNAMED -Dfile.encoding=windows-1252 -Duser.country=US -Duser.language=en -Duser.variant 
java_command: org.gradle.launcher.daemon.bootstrap.GradleDaemon 5.2.1
java_class_path (initial): C:\Users\Dini Home\.gradle\wrapper\dists\gradle-5.2.1-bin\9lc4nzslqh3ep7ml2tp68fk8s\gradle-5.2.1\lib\gradle-launcher-5.2.1.jar
Launcher Type: SUN_STANDARD

[Global flags]
     intx CICompilerCount                          = 3                                         {product} {ergonomic}
     uint ConcGCThreads                            = 1                                         {product} {ergonomic}
     uint G1ConcRefinementThreads                  = 4                                         {product} {ergonomic}
   size_t G1HeapRegionSize                         = 1048576                                   {product} {ergonomic}
    uintx GCDrainStackTargetSize                   = 64                                        {product} {ergonomic}
   size_t InitialHeapSize                          = 67108864                                  {product} {ergonomic}
   size_t MarkStackSize                            = 4194304                                   {product} {ergonomic}
   size_t MaxHeapSize                              = 1063256064                                {product} {ergonomic}
   size_t MaxNewSize                               = 637534208                                 {product} {ergonomic}
   size_t MinHeapDeltaBytes                        = 1048576                                   {product} {ergonomic}
    uintx NonNMethodCodeHeapSize                   = 5830092                                {pd product} {ergonomic}
    uintx NonProfiledCodeHeapSize                  = 122914074                              {pd product} {ergonomic}
    uintx ProfiledCodeHeapSize                     = 122914074                              {pd product} {ergonomic}
    uintx ReservedCodeCacheSize                    = 251658240                              {pd product} {ergonomic}
     bool SegmentedCodeCache                       = true                                      {product} {ergonomic}
     bool UseCompressedClassPointers               = true                                 {lp64_product} {ergonomic}
     bool UseCompressedOops                        = true                                 {lp64_product} {ergonomic}
     bool UseG1GC                                  = true                                      {product} {ergonomic}
     bool UseLargePagesIndividualAllocation        = false                                  {pd product} {ergonomic}

Logging:
Log output configuration:
 #0: stdout all=warning uptime,level,tags
 #1: stderr all=off uptime,level,tags

Environment Variables:
JAVA_HOME=C:\Program Files\Java\jdk1.8.0_202
PATH=C:\Program Files (x86)\Microsoft SDKs\Azure\CLI2\wbin;C:\Python27\;C:\Python27\Scripts;C:\Windows\system32;C:\Windows;C:\Windows\System32\Wbem;C:\Windows\System32\WindowsPowerShell\v1.0\;C:\Windows\System32\OpenSSH\;C:\Program Files (x86)\NVIDIA Corporation\PhysX\Common;C:\Program Files\NVIDIA Corporation\NVIDIA NvDLISR;C:\Program Files\dotnet\;C:\Program Files\Git\cmd;C:\WINDOWS\system32;C:\WINDOWS;C:\WINDOWS\System32\Wbem;C:\WINDOWS\System32\WindowsPowerShell\v1.0\;C:\WINDOWS\System32\OpenSSH\;C:\Program Files\nodejs\;C:\ProgramData\chocolatey\bin;C:\Program Files (x86)\Yarn\bin\;C:\Program Files\Microsoft SQL Server\130\Tools\Binn\;C:\Users\Dini Home\AppData\Local\Microsoft\WindowsApps;C:\Users\Dini Home\AppData\Local\Programs\Microsoft VS Code\bin;C:\Program Files\JetBrains\IntelliJ IDEA 2018.3.3\bin;;C:\Spring\spring-2.1.3.RELEASE\bin;C:\Program Files\Java\jdk1.8.0_202\bin;C:\Users\Dini Home\AppData\Roaming\npm;C:\Program Files\Docker Toolbox;C:\Users\Dini Home\AppData\Local\Yarn\bin
USERNAME=Dini Home
OS=Windows_NT
PROCESSOR_IDENTIFIER=Intel64 Family 6 Model 42 Stepping 7, GenuineIntel



---------------  S Y S T E M  ---------------

OS: Windows 10 , 64 bit Build 17763 (10.0.17763.437)

CPU:total 4 (initial active 4) (4 cores per cpu, 1 threads per core) family 6 model 42 stepping 7, cmov, cx8, fxsr, mmx, sse, sse2, sse3, ssse3, sse4.1, sse4.2, popcnt, avx, aes, clmul, tsc, tscinvbit

Memory: 4k page, system-wide physical 4053M (110M free)
TotalPageFile size 16341M (AvailPageFile size 41M)
current process WorkingSet (physical memory assigned to process): 370M, peak: 377M
current process commit charge ("private bytes"): 503M, peak: 663M

vm_info: Java HotSpot(TM) 64-Bit Server VM (11.0.2+9-LTS) for windows-amd64 JRE (11.0.2+9-LTS), built on Jan 18 2019 05:24:10 by "mach5one" with MS VC++ 15.5 (VS2017)

END.
